<?xml version="1.0" encoding="UTF-8"?>
<testng-results ignored="0" total="3" passed="2" failed="1" skipped="0">
  <reporter-output>
  </reporter-output>
  <suite started-at="2023-07-26T04:13:44 IST" name="Suite" finished-at="2023-07-26T04:14:02 IST" duration-ms="18044">
    <groups>
    </groups>
    <test started-at="2023-07-26T04:13:44 IST" name="Test" finished-at="2023-07-26T04:14:02 IST" duration-ms="18044">
      <class name="com.qa.app.tests.LoginTest">
        <test-method is-config="true" signature="setUpBrowser()[pri:0, instance:com.qa.app.tests.LoginTest@7f0d96f2]" started-at="2023-07-26T04:13:44 IST" name="setUpBrowser" finished-at="2023-07-26T04:13:49 IST" duration-ms="5306" status="PASS">
          <reporter-output>
          </reporter-output>
        </test-method> <!-- setUpBrowser -->
        <test-method signature="login1()[pri:0, instance:com.qa.app.tests.LoginTest@7f0d96f2]" started-at="2023-07-26T04:13:49 IST" name="login1" finished-at="2023-07-26T04:13:51 IST" duration-ms="1856" status="PASS">
          <reporter-output>
          </reporter-output>
        </test-method> <!-- login1 -->
        <test-method is-config="true" signature="closeBrowser()[pri:0, instance:com.qa.app.tests.LoginTest@7f0d96f2]" started-at="2023-07-26T04:13:51 IST" name="closeBrowser" finished-at="2023-07-26T04:13:51 IST" duration-ms="232" status="PASS">
          <reporter-output>
          </reporter-output>
        </test-method> <!-- closeBrowser -->
        <test-method is-config="true" signature="setUpBrowser()[pri:0, instance:com.qa.app.tests.LoginTest@7f0d96f2]" started-at="2023-07-26T04:13:51 IST" name="setUpBrowser" finished-at="2023-07-26T04:13:55 IST" duration-ms="3525" status="PASS">
          <reporter-output>
          </reporter-output>
        </test-method> <!-- setUpBrowser -->
        <test-method signature="login2()[pri:0, instance:com.qa.app.tests.LoginTest@7f0d96f2]" started-at="2023-07-26T04:13:55 IST" name="login2" finished-at="2023-07-26T04:13:56 IST" duration-ms="1535" status="FAIL">
          <exception class="java.lang.AssertionError">
            <message>
              <![CDATA[expected [true] but found [false]]]>
            </message>
            <full-stacktrace>
              <![CDATA[java.lang.AssertionError: expected [true] but found [false]
at org.testng.Assert.fail(Assert.java:110)
at org.testng.Assert.failNotEquals(Assert.java:1577)
at org.testng.Assert.assertTrue(Assert.java:56)
at org.testng.Assert.assertTrue(Assert.java:66)
at com.qa.app.tests.LoginTest.login2(LoginTest.java:34)
at java.base/jdk.internal.reflect.NativeMethodAccessorImpl.invoke0(Native Method)
at java.base/jdk.internal.reflect.NativeMethodAccessorImpl.invoke(NativeMethodAccessorImpl.java:77)
at java.base/jdk.internal.reflect.DelegatingMethodAccessorImpl.invoke(DelegatingMethodAccessorImpl.java:43)
at java.base/java.lang.reflect.Method.invoke(Method.java:568)
at org.testng.internal.invokers.MethodInvocationHelper.invokeMethod(MethodInvocationHelper.java:139)
at org.testng.internal.invokers.TestInvoker.invokeMethod(TestInvoker.java:677)
at org.testng.internal.invokers.TestInvoker.invokeTestMethod(TestInvoker.java:221)
at org.testng.internal.invokers.MethodRunner.runInSequence(MethodRunner.java:50)
at org.testng.internal.invokers.TestInvoker$MethodInvocationAgent.invoke(TestInvoker.java:969)
at org.testng.internal.invokers.TestInvoker.invokeTestMethods(TestInvoker.java:194)
at org.testng.internal.invokers.TestMethodWorker.invokeTestMethods(TestMethodWorker.java:148)
at org.testng.internal.invokers.TestMethodWorker.run(TestMethodWorker.java:128)
at java.base/java.util.ArrayList.forEach(ArrayList.java:1511)
at org.testng.TestRunner.privateRun(TestRunner.java:829)
at org.testng.TestRunner.run(TestRunner.java:602)
at org.testng.SuiteRunner.runTest(SuiteRunner.java:437)
at org.testng.SuiteRunner.runSequentially(SuiteRunner.java:431)
at org.testng.SuiteRunner.privateRun(SuiteRunner.java:391)
at org.testng.SuiteRunner.run(SuiteRunner.java:330)
at org.testng.SuiteRunnerWorker.runSuite(SuiteRunnerWorker.java:52)
at org.testng.SuiteRunnerWorker.run(SuiteRunnerWorker.java:95)
at org.testng.TestNG.runSuitesSequentially(TestNG.java:1256)
at org.testng.TestNG.runSuitesLocally(TestNG.java:1176)
at org.testng.TestNG.runSuites(TestNG.java:1099)
at org.testng.TestNG.run(TestNG.java:1067)
at org.testng.remote.AbstractRemoteTestNG.run(AbstractRemoteTestNG.java:115)
at org.testng.remote.RemoteTestNG.initAndRun(RemoteTestNG.java:251)
at org.testng.remote.RemoteTestNG.main(RemoteTestNG.java:77)
]]>
            </full-stacktrace>
          </exception> <!-- java.lang.AssertionError -->
          <reporter-output>
          </reporter-output>
        </test-method> <!-- login2 -->
        <test-method is-config="true" signature="closeBrowser()[pri:0, instance:com.qa.app.tests.LoginTest@7f0d96f2]" started-at="2023-07-26T04:13:56 IST" name="closeBrowser" finished-at="2023-07-26T04:13:57 IST" duration-ms="183" status="PASS">
          <reporter-output>
          </reporter-output>
        </test-method> <!-- closeBrowser -->
        <test-method is-config="true" signature="setUpBrowser()[pri:0, instance:com.qa.app.tests.LoginTest@7f0d96f2]" started-at="2023-07-26T04:13:57 IST" name="setUpBrowser" finished-at="2023-07-26T04:14:00 IST" duration-ms="3515" status="PASS">
          <reporter-output>
          </reporter-output>
        </test-method> <!-- setUpBrowser -->
        <test-method signature="login3()[pri:0, instance:com.qa.app.tests.LoginTest@7f0d96f2]" started-at="2023-07-26T04:14:00 IST" name="login3" finished-at="2023-07-26T04:14:02 IST" duration-ms="1671" status="PASS">
          <reporter-output>
          </reporter-output>
        </test-method> <!-- login3 -->
        <test-method is-config="true" signature="closeBrowser()[pri:0, instance:com.qa.app.tests.LoginTest@7f0d96f2]" started-at="2023-07-26T04:14:02 IST" name="closeBrowser" finished-at="2023-07-26T04:14:02 IST" duration-ms="179" status="PASS">
          <reporter-output>
          </reporter-output>
        </test-method> <!-- closeBrowser -->
      </class> <!-- com.qa.app.tests.LoginTest -->
    </test> <!-- Test -->
  </suite> <!-- Suite -->
</testng-results>
